VstoneMagic Build&Execute Message Log
BuildStart time:2023/02/28 17:46:12
ãƒ“ãƒ«ãƒ‰ã‚’é–‹å§‹ã—ã¾ã™ã€‚
C:\Program Files (x86)\VstoneMagic\jdk\bin\javac.exe  -d "C:\Users\itb-OP\Documents\VstoneMagic\WorkSpace\justTesting\justTesting\bin"  -g -Xlint:deprecation   -cp ".;C:\Users\itb-OP\VstoneMagicData\jar\commons-codec-1.10.jar;C:\Users\itb-OP\VstoneMagicData\jar\core-2.2.jar;C:\Users\itb-OP\VstoneMagicData\jar\gson-2.6.1.jar;C:\Users\itb-OP\VstoneMagicData\jar\javase-2.2.jar;C:\Users\itb-OP\VstoneMagicData\jar\jna-4.1.0.jar;C:\Users\itb-OP\VstoneMagicData\jar\opencv-310.jar;C:\Users\itb-OP\VstoneMagicData\jar\SotaAppManager.jar;C:\Users\itb-OP\VstoneMagicData\jar\sotalib.jar;C:\Users\itb-OP\VstoneMagicData\jar\SRClientHelper.jar"  -encoding UTF-8 "C:\Users\itb-OP\Documents\VstoneMagic\WorkSpace\justTesting\justTesting\src\main\main.java" "C:\Users\itb-OP\Documents\VstoneMagic\WorkSpace\justTesting\justTesting\src\jp\co\mysota\mymain.java" 

æ­£å¸¸ã«ã‚³ãƒ³ãƒ‘ã‚¤ãƒ«ã§ãã¾ã—ãŸã€‚

jarãƒ•ã‚¡ã‚¤ãƒ«ã®ä½œæˆ
ãƒãƒ‹ãƒ•ã‚§ã‚¹ãƒˆãƒ•ã‚¡ã‚¤ãƒ«ã‚’ä½œæˆã—ã¾ã™ã€‚
jarãƒ•ã‚¡ã‚¤ãƒ«ã‚’ä½œæˆã—ã¾ã™ã€‚
C:\Program Files (x86)\VstoneMagic\jdk\bin\jar.exe cvfm justTesting.jar Manifest.mf main jp\co\mysota
ãƒãƒ‹ãƒ•ã‚§ã‚¹ãƒˆãŒè¿½åŠ ã•ã‚Œã¾ã—ãŸ
main/ã‚’è¿½åŠ ä¸­ã§ã™(å…¥=0)(å‡º=0)(0%æ ¼ç´ã•ã‚Œã¾ã—ãŸ)
main/main$GlobalVariable.classã‚’è¿½åŠ ä¸­ã§ã™(å…¥=1299)(å‡º=655)(49%åç¸®ã•ã‚Œã¾ã—ãŸ)
main/main.classã‚’è¿½åŠ ä¸­ã§ã™(å…¥=2179)(å‡º=1179)(45%åç¸®ã•ã‚Œã¾ã—ãŸ)
jp/co/mysota/ã‚’è¿½åŠ ä¸­ã§ã™(å…¥=0)(å‡º=0)(0%æ ¼ç´ã•ã‚Œã¾ã—ãŸ)
jp/co/mysota/behavior.classã‚’è¿½åŠ ä¸­ã§ã™(å…¥=8410)(å‡º=1897)(77%åç¸®ã•ã‚Œã¾ã—ãŸ)
jp/co/mysota/mymain$1.classã‚’è¿½åŠ ä¸­ã§ã™(å…¥=1590)(å‡º=1002)(36%åç¸®ã•ã‚Œã¾ã—ãŸ)
jp/co/mysota/mymain$2.classã‚’è¿½åŠ ä¸­ã§ã™(å…¥=5797)(å‡º=2946)(49%åç¸®ã•ã‚Œã¾ã—ãŸ)
jp/co/mysota/mymain.classã‚’è¿½åŠ ä¸­ã§ã™(å…¥=9513)(å‡º=4817)(49%åç¸®ã•ã‚Œã¾ã—ãŸ)

jarãƒ•ã‚¡ã‚¤ãƒ«ã‚’ä½œæˆã—ã¾ã—ãŸã€‚

é€ä¿¡ãƒ•ã‚¡ã‚¤ãƒ«ã®ä¸Šæ›¸ãç¢ºèª

ã‚¹ã‚¿ãƒ¼ãƒˆã‚¢ãƒƒãƒ—ã‚¢ãƒ—ãƒªã‚±ãƒ¼ã‚·ãƒ§ãƒ³ã®åœæ­¢
echo "STOP_STARTUP" > /home/vstone/vstonemagic/menu.fifoãƒ­ãƒœãƒƒãƒˆã®SFTPã¸æ¥ç¶šã—ã¾ã™ã€‚
10.186.42.102@root
.


ãƒ•ã‚¡ã‚¤ãƒ«ã®è»¢é€
ãƒ­ãƒœãƒƒãƒˆã«ãƒ•ã‚¡ã‚¤ãƒ«ã‚’è»¢é€ã—ã¾ã™ã€‚
Connect to 10.186.42.102@root...æ¥ç¶šã—ã¾ã—ãŸã€‚
ãƒ•ã‚¡ã‚¤ãƒ«ã®è»¢é€ã‚’é–‹å§‹ã—ã¾ã™ã€‚
Send':'justTesting.jar' completed


ã‚¢ãƒ—ãƒªã‚±ãƒ¼ã‚·ãƒ§ãƒ³ç™»éŒ²ç”¨ã®ã‚¢ãƒ¼ã‚«ã‚¤ãƒ–ãƒ•ã‚¡ã‚¤ãƒ«ã‚’ä½œæˆ
.
ãƒ“ãƒ«ãƒ‰ãŒå®Œäº†ã—ã¾ã—ãŸã€‚


jarãƒ•ã‚¡ã‚¤ãƒ«ã®å®Ÿè¡Œ
ãƒ­ãƒœãƒƒãƒˆã®SSHã¸æ¥ç¶šã—ã¾ã™ã€‚
10.186.42.102@root
java -Dfile.encoding=UTF8 -Djava.library.path=/usr/local/share/OpenCV/java/  -Xdebug -Xrunjdwp:transport=dt_socket,server=y,address=8765 -jar justTesting.jar 2>&1 &ãƒ•ã‚¡ã‚¤ãƒ«ã®è»¢é€ãŒå®Œäº†ã—ã¾ã—ãŸã€‚[1;32mroot@edison:~$[m java -Dfile.encoding=UTF8 -Djava.library.path=/usr/local/share/OpenCV/java/  -Xdebug -Xrunjdwp:transport=dt_socket,server=y,address=8765 -jar justTesting.jar 2>&1 &
[1] 10100
[1;32mroot@edison:~$[m ãƒ‡ãƒãƒƒã‚°ã®æº–å‚™ãŒã§ãã¾ã—ãŸã€‚

jdbã®å®Ÿè¡Œ
ãƒ‡ãƒãƒƒã‚¬ã‚’èµ·å‹•ã—ã¾ã™ã€‚
C:\Program Files (x86)\VstoneMagic\jdk\bin\jdb.exe -connect com.sun.jdi.SocketAttach:hostname=10.186.42.102,port=8765
Listening for transport dt_socket at address: 8765
æ•æ‰ã•ã‚Œãªã„java.lang.Throwableã®è¨­å®šé…å»¶ã—ãŸæ•æ‰ã•ã‚Œãªã„java.lang.Throwableã®è¨­å®šjdbã®åˆæœŸåŒ–ä¸­...ãƒ‡ãƒãƒƒã‚°å®Ÿè¡Œã®ã‚¹ã‚¿ãƒ³ãƒã‚¤ãŒã§ãã¾ã—ãŸã€‚
> VMãŒé–‹å§‹ã•ã‚Œã¾ã—ãŸ: ç¾åœ¨ã®ã‚³ãƒ¼ãƒ«ãƒ»ã‚¹ã‚¿ãƒƒã‚¯ã«ãƒ•ãƒ¬ãƒ¼ãƒ ãŒã‚ã‚Šã¾ã›ã‚“[Info][SpeechRecog]SpeechRecog
[Info][CRobotSock]Connected server
[Info][CRobotMotion]MasterCtrlPeriod 16667.0
[Info][MotionAsSotaWish][Say][scene:talk]ã“ã‚“ã«ã¡ã¯ã€‚ã‚ˆã†ã“ãã‚¹ã‚¿ãƒ¼ãƒˆã‚¢ãƒƒãƒ—ã‚µã‚¤ãƒ‰ã¸ï¼
[Info][TextToSpeechSota][TTS_USE_CACHE] /var/sota/tts//1675403545423.wav
[Info][CPlayWave]Play /var/sota/tts//1675403545423.wav
[Info][CPlayWave]isEdison
[Info][CPlayWave]play------- 10125
[Info][MotionAsSotaWish]play 3427
[Info][MotionAsSotaWish][play][talk] [3027msec]
waitRequest
[Error][TCPIPServer]timeout
[Info][]
waitRequest
[Info][SpeechRecog][getRecognition][Score:0.919937]ã°ã„ã°ã„ã€‚
[Info][SpeechRecog][getRecognition][BasicResult] ã°ã„ã°ã„
[Info][MotionAsSotaWish][Say][scene:talk]ã°ã„ã°ã„ï¼ã¾ãŸãã¦ã­ï¼
[Info][TextToSpeechSota][TTS_USE_CACHE] /var/sota/tts//1677573940473.wav
[Info][CPlayWave]Play /var/sota/tts//1677573940473.wav
[Info][CPlayWave]isEdison
[Info][CPlayWave]play------- 10156
[Info][MotionAsSotaWish]play 2036
[Info][MotionAsSotaWish][play][talk] [1636msec]
[Error][TCPIPServer]timeout
[Info][]
waitRequest
[Error][TCPIPServer]timeout
[Info][]
waitRequest
[Error][TCPIPServer]timeout
[Info][]
waitRequest
[Info][SpeechRecog][getRecognition][Score:0.90927]å»ºç‰©
[Info][SpeechRecog][getRecognition][BasicResult] å»ºç‰©
[Info][MotionAsSotaWish][Say][scene:talk]å»ºç‰©ã®æ¡ˆå†…ã ã­ã€ä»»ã›ã¦ã‚ˆã€‚9éšã¯ã‚³ãƒ¯ãƒ¼ã‚­ãƒ³ã‚°ã‚¹ãƒšãƒ¼ã‚¹ã§ã™ã€‚7éšã¨8éšã«ã¯ã€ä¼šè­°å®¤ã¨ã€ãƒ—ãƒ©ã‚¤ãƒ™ãƒ¼ãƒˆã‚ªãƒ•ã‚£ã‚¹ã‚„ã€ã‚ªãƒ³ãƒ©ã‚¤ãƒ³ãƒ–ãƒ¼ã‚¹ãŒã‚ã‚‹ã‚ˆã€‚
[Info][TextToSpeechSota][TTS_USE_CACHE] /var/sota/tts//1677552538500.wav
[Info][CPlayWave]Play /var/sota/tts//1677552538500.wav
[Info][CPlayWave]isEdison
[Info][CPlayWave]play------- 10187
[Info][MotionAsSotaWish]play 12327
[Info][MotionAsSotaWish][play][talk] [11927msec]
[Error][TCPIPServer]timeout
[Info][]
waitRequest
[Error][TCPIPServer]timeout
[Info][]
waitRequest
[Error][TCPIPServer]timeout
[Info][]
waitRequest
[Error][TCPIPServer]timeout
[Info][]
waitRequest
[Error][TCPIPServer]timeout
[Info][]
waitRequest
[Info][CPlayWave]removeShutdownHook
[Error][TCPIPServer]timeout
[Info][]
waitRequest
[Error][TCPIPServer]timeout
[Info][]
waitRequest
[Error][TCPIPServer]timeout
[Info][]
waitRequest
[Info][SpeechRecog][getRecognition][Score:0.985045]ã‚¤ãƒ™ãƒ³ãƒˆã€‚
[Info][SpeechRecog][getRecognition][BasicResult] ã‚¤ãƒ™ãƒ³ãƒˆ
[Info][MotionAsSotaWish][Say][scene:talk]ãƒ›ãƒ¼ãƒ ãƒšãƒ¼ã‚¸ã«æ²è¼‰ã—ã¦ã„ã‚‹ã‚ˆã€‚ãœã²è¦‹ã¦ã¿ã¦ã­ã€‚  
[Info][TextToSpeechSota][get:ãƒ›ãƒ¼ãƒ ãƒšãƒ¼ã‚¸ã«æ²è¼‰ã—ã¦ã„ã‚‹ã‚ˆã€‚ãœã²è¦‹ã¦ã¿ã¦ã­ã€‚  ][speechRate:11][pitch:13]][intonation:11][lang:null]
[Info][CPlayWave]Play /dev/shm/wavtemptts0.wav
[Info][CPlayWave]isEdison
[Info][CPlayWave]play------- 10305
[Info][MotionAsSotaWish]play 3768
[Info][MotionAsSotaWish][play][talk] [3368msec]
[Error][TCPIPServer]timeout
[Info][]
waitRequest
[Error][TCPIPServer]timeout
[Info][]
waitRequest
[Info][TCPIPServer]accept:/10.186.42.99:46982
[Info][]cmd;scenario;EventInfo;ï½ã“ã‚Œã‹ã‚‰ã®ã‚¢ãƒã‚¿ãƒ¼å…±ç”Ÿç¤¾ä¼šã‚’è€ƒãˆã‚‹ï½å…ˆç«¯ãƒ­ãƒœãƒƒãƒˆå®Ÿè¨¼å®Ÿé¨“ã‚¤ãƒ™ãƒ³ãƒˆ;3æœˆ3æ—¥é‡‘æ›œæ—¥ã«é–‹å‚¬;ã‚ªãƒ•ãƒ©ã‚¤ãƒ³ã€ã‚ªãƒ³ãƒ©ã‚¤ãƒ³
waitRequest
[Info][mymain]æ¤œç´¢å¯¾è±¡cmd
[Info][mymain]æ¤œç´¢å¯¾è±¡scenario
[Info][mymain]EventInfo ! -- ã‚¤ãƒ™ãƒ³ãƒˆæƒ…å ±ã‚’ç™ºè©±ã—ã¾ã™
[Info][MotionAsSotaWish][Say][scene:talk]ç›´è¿‘ã®ã‚¤ãƒ™ãƒ³ãƒˆã‚’ç´¹ä»‹ã—ã¾ã™ã€‚ï½ã“ã‚Œã‹ã‚‰ã®ã‚¢ãƒã‚¿ãƒ¼å…±ç”Ÿç¤¾ä¼šã‚’è€ƒãˆã‚‹ï½å…ˆç«¯ãƒ­ãƒœãƒƒãƒˆå®Ÿè¨¼å®Ÿé¨“ã‚¤ãƒ™ãƒ³ãƒˆãŒã€3æœˆ3æ—¥é‡‘æ›œæ—¥ã«é–‹å‚¬äºˆå®šã§ã™ã€‚ã‚ªãƒ•ãƒ©ã‚¤ãƒ³ã€ã‚ªãƒ³ãƒ©ã‚¤ãƒ³ã§é–‹å‚¬ã™ã‚‹ã‚ˆã€‚ã”å‚åŠ ã‚’ãŠå¾…ã¡ã—ã¦ãŠã‚Šã¾ã™ã€‚
[Info][TextToSpeechSota][TTS_USE_CACHE] /var/sota/tts//1677573766743.wav
[Info][CPlayWave]Play /var/sota/tts//1677573766743.wav
[Info][CPlayWave]isEdison
[Info][CPlayWave]play------- 10327
[Info][MotionAsSotaWish]play 16936
[Info][MotionAsSotaWish][play][talk] [16536msec]
[Info][CPlayWave]removeShutdownHook
[Info][CPlayWave]removeShutdownHook
[Error][TCPIPServer]timeout
[Info][]
waitRequest
[Error][TCPIPServer]timeout
[Info][]
waitRequest
[Error][TCPIPServer]timeout
[Info][]
waitRequest
[Info][mymain]æ¤œç´¢å¯¾è±¡ï½ã“ã‚Œã‹ã‚‰ã®ã‚¢ãƒã‚¿ãƒ¼å…±ç”Ÿç¤¾ä¼šã‚’è€ƒãˆã‚‹ï½å…ˆç«¯ãƒ­ãƒœãƒƒãƒˆå®Ÿè¨¼å®Ÿé¨“ã‚¤ãƒ™ãƒ³ãƒˆ
[Info][mymain]æ¤œç´¢å¯¾è±¡3æœˆ3æ—¥é‡‘æ›œæ—¥ã«é–‹å‚¬
[Info][mymain]æ¤œç´¢å¯¾è±¡ã‚ªãƒ•ãƒ©ã‚¤ãƒ³ã€ã‚ªãƒ³ãƒ©ã‚¤ãƒ³
[Error][TCPIPServer]timeout
[Info][]
waitRequest
[Error][TCPIPServer]timeout
[Info][]
waitRequest
[Error][TCPIPServer]timeout
[Info][]
waitRequest
[Error][TCPIPServer]timeout
[Info][]
waitRequest
[Error][TCPIPServer]timeout
[Info][]
waitRequest

kill ` jps|grep "^[0-9]\+ jar" |awk '{print $1}'`ä¸­æ–­ã—ã¾ã™ã€‚
exit
[1;32mroot@edison:~$[m 
[1;32mroot@edison:~$[m kilmain[1] > l ` jps|grListening for transport dt_socket at address: 8765
ep "^[0-9]\+ jar" |awk '{print $1}'`
[1;32mroot@edison:~$[m exit
logout

ãƒ­ãƒœãƒƒãƒˆã¨ã®é€šä¿¡ã‚’åˆ‡æ–­ã—ã¾ã—ãŸã€‚
failed in sendDebugCommand:quit
StandardIn ãŒãƒªãƒ€ã‚¤ãƒ¬ã‚¯ãƒˆã•ã‚Œã¦ã„ã¾ã›ã‚“ã€‚